[debug] [2022-01-14T14:27:02.144Z] ----------------------------------------------------------------------
[debug] [2022-01-14T14:27:02.147Z] Command:       C:\Program Files\nodejs\node.exe C:\Users\XTANBUL-2\AppData\Roaming\npm\node_modules\firebase-tools\lib\bin\firebase.js init
[debug] [2022-01-14T14:27:02.147Z] CLI Version:   10.1.0
[debug] [2022-01-14T14:27:02.147Z] Platform:      win32
[debug] [2022-01-14T14:27:02.147Z] Node Version:  v14.18.1
[debug] [2022-01-14T14:27:02.149Z] Time:          Fri Jan 14 2022 17:27:02 GMT+0300 (GMT+03:00)
[debug] [2022-01-14T14:27:02.149Z] ----------------------------------------------------------------------
[debug] 
[debug] [2022-01-14T14:27:02.161Z] > command requires scopes: ["email","openid","https://www.googleapis.com/auth/cloudplatformprojects.readonly","https://www.googleapis.com/auth/firebase","https://www.googleapis.com/auth/cloud-platform"]
[debug] [2022-01-14T14:27:02.161Z] > authorizing via signed-in user (cemre.akanturk86@gmail.com)
[info] 
     ######## #### ########  ######## ########     ###     ######  ########
     ##        ##  ##     ## ##       ##     ##  ##   ##  ##       ##
     ######    ##  ########  ######   ########  #########  ######  ######
     ##        ##  ##    ##  ##       ##     ## ##     ##       ## ##
     ##       #### ##     ## ######## ########  ##     ##  ######  ########

You're about to initialize a Firebase project in this directory:

  C:\Users\XTANBUL-2\Desktop\admin-one-vue-tailwind-master

[info] 
=== Project Setup
[info] 
[info] First, let's associate this project directory with a Firebase project.
[info] You can create multiple project aliases by running firebase use --add, 
[info] but for now we'll just set up a default project.
[info] 
[debug] [2022-01-14T14:28:47.492Z] >>> [apiv2][query] GET https://firebase.googleapis.com/v1beta1/projects pageSize=100
[debug] [2022-01-14T14:28:49.024Z] <<< [apiv2][status] GET https://firebase.googleapis.com/v1beta1/projects 200
[debug] [2022-01-14T14:28:49.025Z] <<< [apiv2][body] GET https://firebase.googleapis.com/v1beta1/projects [omitted]
[info] i  Using project stoktakip-60df2 (stoktakip) 
[info] 
=== Firestore Setup
[debug] [2022-01-14T14:28:53.474Z] >>> [apiv2][query] GET https://serviceusage.googleapis.com/v1/projects/stoktakip-60df2/services/firestore.googleapis.com [none]
[debug] [2022-01-14T14:28:54.678Z] <<< [apiv2][status] GET https://serviceusage.googleapis.com/v1/projects/stoktakip-60df2/services/firestore.googleapis.com 200
[debug] [2022-01-14T14:28:54.678Z] <<< [apiv2][body] GET https://serviceusage.googleapis.com/v1/projects/stoktakip-60df2/services/firestore.googleapis.com {"name":"projects/777782371484/services/firestore.googleapis.com","config":{"name":"firestore.googleapis.com","title":"Cloud Firestore API","apis":[{"name":"google.cloud.location.Locations","methods":[{"name":"ListLocations"},{"name":"GetLocation"}],"version":"v1"},{"name":"google.longrunning.Operations","methods":[{"name":"ListOperations"},{"name":"GetOperation"},{"name":"DeleteOperation"},{"name":"CancelOperation"},{"name":"WaitOperation"}],"version":"v1"},{"name":"google.firestore.admin.v1.FirestoreAdmin","methods":[{"name":"CreateIndex"},{"name":"ListIndexes"},{"name":"GetIndex"},{"name":"DeleteIndex"},{"name":"GetField"},{"name":"UpdateField"},{"name":"ListFields"},{"name":"ExportDocuments"},{"name":"ImportDocuments"},{"name":"ListBuckets"},{"name":"ListSnapshotSchedules"},{"name":"GetSnapshotSchedule"},{"name":"CreateSnapshotSchedule"},{"name":"DeleteSnapshotSchedule"},{"name":"UpdateSnapshotSchedule"},{"name":"ListSnapshots"},{"name":"GetSnapshot"},{"name":"DeleteSnapshot"},{"name":"CreateDatabase"},{"name":"GetDatabase"},{"name":"ListDatabases"},{"name":"UpdateDatabase"},{"name":"DeleteDatabase"},{"name":"UndeleteDatabase"},{"name":"GetBackup"},{"name":"ListBackups"},{"name":"DeleteBackup"},{"name":"RestoreDatabase"},{"name":"CreateBackupSchedule"},{"name":"GetBackupSchedule"},{"name":"ListBackupSchedules"},{"name":"DeleteBackupSchedule"}],"version":"v1"},{"name":"google.firestore.admin.v1beta1.FirestoreAdmin","methods":[{"name":"CreateIndex"},{"name":"ListIndexes"},{"name":"GetIndex"},{"name":"DeleteIndex"},{"name":"ListNamespaces"},{"name":"GetNamespace"},{"name":"ListCollectionGroups"},{"name":"GetCollectionGroup"},{"name":"ListFields"},{"name":"GetField"},{"name":"ExportDocuments"},{"name":"ImportDocuments"}],"version":"v1beta1"},{"name":"google.firestore.admin.v1beta2.FirestoreAdmin","methods":[{"name":"CreateIndex"},{"name":"ListIndexes"},{"name":"GetIndex"},{"name":"DeleteIndex"},{"name":"GetField"},{"name":"UpdateField"},{"name":"ListFields"},{"name":"ExportDocuments"},{"name":"ImportDocuments"}],"version":"v1beta2"},{"name":"google.firestore.v1.Firestore","methods":[{"name":"GetOrListDocuments"},{"name":"GetDocument"},{"name":"ListDocuments"},{"name":"UpdateDocument"},{"name":"DeleteDocument"},{"name":"BatchGetDocuments"},{"name":"BeginTransaction"},{"name":"Commit"},{"name":"Rollback"},{"name":"RunQuery"},{"name":"PartitionQuery"},{"name":"Write"},{"name":"Listen"},{"name":"ListCollectionIds"},{"name":"BatchWrite"},{"name":"CreateDocument"}],"version":"v1"},{"name":"google.firestore.v1beta1.Firestore","methods":[{"name":"GetOrListDocuments"},{"name":"GetDocument"},{"name":"ListDocuments"},{"name":"UpdateDocument"},{"name":"DeleteDocument"},{"name":"BatchGetDocuments"},{"name":"BeginTransaction"},{"name":"Commit"},{"name":"Rollback"},{"name":"RunQuery"},{"name":"PartitionQuery"},{"name":"Write"},{"name":"Listen"},{"name":"ListCollectionIds"},{"name":"BatchWrite"},{"name":"CreateDocument"}],"version":"v1beta1"},{"name":"google.discovery.Discovery","methods":[{"name":"GetDiscovery"},{"name":"GetDiscoveryRest"}],"version":"v1"}],"documentation":{"summary":"Accesses the NoSQL document database built for automatic scaling, high performance, and ease of application development.\n"},"quota":{"limits":[{"name":"LocationsRequestsPerMinutePerProject","metric":"firestore.googleapis.com/locations_requests","unit":"1/min/{project}","values":{"DEFAULT":"60"},"displayName":"Locations Requests Per Minute"},{"name":"ExportsPerMinutePerProject","metric":"firestore.googleapis.com/export_requests","unit":"1/min/{project}","values":{"DEFAULT":"20"},"displayName":"Export Requests Per Minute"},{"name":"ImportsPerMinutePerProject","metric":"firestore.googleapis.com/import_requests","unit":"1/min/{project}","values":{"DEFAULT":"20"},"displayName":"Import Requests Per Minute"},{"name":"DatabaseOperationsPerMinutePerProject","metric":"firestore.googleapis.com/database_operation_requests","unit":"1/min/{project}","values":{"DEFAULT":"60"},"displayName":"Database Operations Per Minute"},{"maxLimit":"17000","name":"CLIENT_PROJECT-100s","metric":"DiscoveryGroup","unit":"1/100s/{project}","values":{"STANDARD":"17000"}}]},"authentication":{"rules":[{"oauth":{"canonicalScopes":"https://www.googleapis.com/auth/datastore, https://www.googleapis.com/auth/cloud-platform"}},{"oauth":{"canonicalScopes":"https://www.googleapis.com/auth/datastore, https://www.googleapis.com/auth/cloud-platform"}},{"oauth":{"canonicalScopes":"https://www.googleapis.com/auth/datastore, https://www.googleapis.com/auth/cloud-platform"}},{"oauth":{"canonicalScopes":"https://www.googleapis.com/auth/datastore, https://www.googleapis.com/auth/cloud-platform"}},{"oauth":{"canonicalScopes":"https://www.googleapis.com/auth/datastore, https://www.googleapis.com/auth/cloud-platform"}},{"oauth":{"canonicalScopes":"https://www.googleapis.com/auth/datastore, https://www.googleapis.com/auth/cloud-platform"}},{"oauth":{"canonicalScopes":"https://www.googleapis.com/auth/datastore, https://www.googleapis.com/auth/cloud-platform"}},{"oauth":{"canonicalScopes":"https://www.googleapis.com/auth/datastore, https://www.googleapis.com/auth/cloud-platform"}},{"oauth":{"canonicalScopes":"https://www.googleapis.com/auth/datastore, https://www.googleapis.com/auth/cloud-platform"}},{"oauth":{"canonicalScopes":"https://www.googleapis.com/auth/datastore, https://www.googleapis.com/auth/cloud-platform"}},{"oauth":{"canonicalScopes":"https://www.googleapis.com/auth/datastore, https://www.googleapis.com/auth/cloud-platform"}},{"oauth":{"canonicalScopes":"https://www.googleapis.com/auth/datastore, https://www.googleapis.com/auth/cloud-platform"}},{"oauth":{"canonicalScopes":"https://www.googleapis.com/auth/datastore, https://www.googleapis.com/auth/cloud-platform"}},{"oauth":{"canonicalScopes":"https://www.googleapis.com/auth/datastore, https://www.googleapis.com/auth/cloud-platform"}},{"oauth":{"canonicalScopes":"https://www.googleapis.com/auth/datastore, https://www.googleapis.com/auth/cloud-platform"}},{"oauth":{"canonicalScopes":"https://www.googleapis.com/auth/datastore, https://www.googleapis.com/auth/cloud-platform"}},{"oauth":{"canonicalScopes":"https://www.googleapis.com/auth/datastore, https://www.googleapis.com/auth/cloud-platform"}},{"oauth":{"canonicalScopes":"https://www.googleapis.com/auth/datastore, https://www.googleapis.com/auth/cloud-platform"}},{"oauth":{"canonicalScopes":"https://www.googleapis.com/auth/datastore, https://www.googleapis.com/auth/cloud-platform"}},{"oauth":{"canonicalScopes":"https://www.googleapis.com/auth/datastore, https://www.googleapis.com/auth/cloud-platform"}},{"oauth":{"canonicalScopes":"https://www.googleapis.com/auth/datastore, https://www.googleapis.com/auth/cloud-platform"}},{"oauth":{"canonicalScopes":"https://www.googleapis.com/auth/datastore, https://www.googleapis.com/auth/cloud-platform"}},{"oauth":{"canonicalScopes":"https://www.googleapis.com/auth/datastore, https://www.googleapis.com/auth/cloud-platform"}},{"oauth":{"canonicalScopes":"https://www.googleapis.com/auth/datastore, https://www.googleapis.com/auth/cloud-platform"}},{"oauth":{"canonicalScopes":"https://www.googleapis.com/auth/datastore, https://www.googleapis.com/auth/cloud-platform"}},{"oauth":{"canonicalScopes":"https://www.googleapis.com/auth/datastore, https://www.googleapis.com/auth/cloud-platform"}},{"oauth":{"canonicalScopes":"https://www.googleapis.com/auth/datastore, https://www.googleapis.com/auth/cloud-platform"}},{"oauth":{"canonicalScopes":"https://www.googleapis.com/auth/datastore, https://www.googleapis.com/auth/cloud-platform"}},{"oauth":{"canonicalScopes":"https://www.googleapis.com/auth/datastore, https://www.googleapis.com/auth/cloud-platform"}},{"oauth":{"canonicalScopes":"https://www.googleapis.com/auth/datastore, https://www.googleapis.com/auth/cloud-platform"}},{"oauth":{"canonicalScopes":"https://www.googleapis.com/auth/datastore, https://www.googleapis.com/auth/cloud-platform"}},{"oauth":{"canonicalScopes":"https://www.googleapis.com/auth/datastore, https://www.googleapis.com/auth/cloud-platform"}},{"oauth":{"canonicalScopes":"https://www.googleapis.com/auth/datastore, https://www.googleapis.com/auth/cloud-platform"}},{"oauth":{"canonicalScopes":"https://www.googleapis.com/auth/datastore, https://www.googleapis.com/auth/cloud-platform"}},{"oauth":{"canonicalScopes":"https://www.googleapis.com/auth/datastore, https://www.googleapis.com/auth/cloud-platform"}},{"oauth":{"canonicalScopes":"https://www.googleapis.com/auth/datastore, https://www.googleapis.com/auth/cloud-platform"}},{"oauth":{"canonicalScopes":"https://www.googleapis.com/auth/datastore, https://www.googleapis.com/auth/cloud-platform"}},{"oauth":{"canonicalScopes":"https://www.googleapis.com/auth/datastore, https://www.googleapis.com/auth/cloud-platform"}},{"oauth":{"canonicalScopes":"https://www.googleapis.com/auth/datastore, https://www.googleapis.com/auth/cloud-platform"}},{"oauth":{"canonicalScopes":"https://www.googleapis.com/auth/datastore, https://www.googleapis.com/auth/cloud-platform"}},{"oauth":{"canonicalScopes":"https://www.googleapis.com/auth/datastore, https://www.googleapis.com/auth/cloud-platform"}},{"oauth":{"canonicalScopes":"https://www.googleapis.com/auth/datastore, https://www.googleapis.com/auth/cloud-platform"}},{"oauth":{"canonicalScopes":"https://www.googleapis.com/auth/datastore, https://www.googleapis.com/auth/cloud-platform"}},{"oauth":{"canonicalScopes":"https://www.googleapis.com/auth/datastore, https://www.googleapis.com/auth/cloud-platform"}},{"oauth":{"canonicalScopes":"https://www.googleapis.com/auth/datastore, https://www.googleapis.com/auth/cloud-platform"}},{"oauth":{"canonicalScopes":"https://www.googleapis.com/auth/datastore, https://www.googleapis.com/auth/cloud-platform"}},{"oauth":{"canonicalScopes":"https://www.googleapis.com/auth/datastore, https://www.googleapis.com/auth/cloud-platform"}},{"oauth":{"canonicalScopes":"https://www.googleapis.com/auth/datastore, https://www.googleapis.com/auth/cloud-platform"}},{"oauth":{"canonicalScopes":"https://www.googleapis.com/auth/datastore, https://www.googleapis.com/auth/cloud-platform"}},{"oauth":{"canonicalScopes":"https://www.googleapis.com/auth/datastore, https://www.googleapis.com/auth/cloud-platform"}},{"oauth":{"canonicalScopes":"https://www.googleapis.com/auth/datastore, https://www.googleapis.com/auth/cloud-platform"}},{"oauth":{"canonicalScopes":"https://www.googleapis.com/auth/datastore, https://www.googleapis.com/auth/cloud-platform"}},{"oauth":{"canonicalScopes":"https://www.googleapis.com/auth/datastore, https://www.googleapis.com/auth/cloud-platform"}},{"oauth":{"canonicalScopes":"https://www.googleapis.com/auth/datastore, https://www.googleapis.com/auth/cloud-platform"}},{"oauth":{"canonicalScopes":"https://www.googleapis.com/auth/datastore, https://www.googleapis.com/auth/cloud-platform"}},{"oauth":{"canonicalScopes":"https://www.googleapis.com/auth/datastore, https://www.googleapis.com/auth/cloud-platform"}},{"oauth":{"canonicalScopes":"https://www.googleapis.com/auth/datastore, https://www.googleapis.com/auth/cloud-platform"}},{"oauth":{"canonicalScopes":"https://www.googleapis.com/auth/datastore, https://www.googleapis.com/auth/cloud-platform"}},{"oauth":{"canonicalScopes":"https://www.googleapis.com/auth/datastore, https://www.googleapis.com/auth/cloud-platform"}},{"oauth":{"canonicalScopes":"https://www.googleapis.com/auth/datastore, https://www.googleapis.com/auth/cloud-platform"}},{"oauth":{"canonicalScopes":"https://www.googleapis.com/auth/datastore, https://www.googleapis.com/auth/cloud-platform"}},{"oauth":{"canonicalScopes":"https://www.googleapis.com/auth/datastore, https://www.googleapis.com/auth/cloud-platform"}},{"oauth":{"canonicalScopes":"https://www.googleapis.com/auth/datastore, https://www.googleapis.com/auth/cloud-platform"}},{"oauth":{"canonicalScopes":"https://www.googleapis.com/auth/datastore, https://www.googleapis.com/auth/cloud-platform"}},{"oauth":{"canonicalScopes":"https://www.googleapis.com/auth/datastore, https://www.googleapis.com/auth/cloud-platform"}},{"oauth":{"canonicalScopes":"https://www.googleapis.com/auth/datastore, https://www.googleapis.com/auth/cloud-platform"}},{"oauth":{"canonicalScopes":"https://www.googleapis.com/auth/datastore, https://www.googleapis.com/auth/cloud-platform"}},{"oauth":{"canonicalScopes":"https://www.googleapis.com/auth/datastore, https://www.googleapis.com/auth/cloud-platform"}},{"oauth":{"canonicalScopes":"https://www.googleapis.com/auth/datastore, https://www.googleapis.com/auth/cloud-platform"}},{"oauth":{"canonicalScopes":"https://www.googleapis.com/auth/datastore, https://www.googleapis.com/auth/cloud-platform"}},{"oauth":{"canonicalScopes":"https://www.googleapis.com/auth/datastore, https://www.googleapis.com/auth/cloud-platform"}},{"oauth":{"canonicalScopes":"https://www.googleapis.com/auth/datastore, https://www.googleapis.com/auth/cloud-platform"}},{"oauth":{"canonicalScopes":"https://www.googleapis.com/auth/datastore, https://www.googleapis.com/auth/cloud-platform"}},{"oauth":{"canonicalScopes":"https://www.googleapis.com/auth/datastore, https://www.googleapis.com/auth/cloud-platform"}},{"oauth":{"canonicalScopes":"https://www.googleapis.com/auth/datastore, https://www.googleapis.com/auth/cloud-platform"}},{"oauth":{"canonicalScopes":"https://www.googleapis.com/auth/datastore, https://www.googleapis.com/auth/cloud-platform"}},{"oauth":{"canonicalScopes":"https://www.googleapis.com/auth/datastore, https://www.googleapis.com/auth/cloud-platform"}},{"oauth":{"canonicalScopes":"https://www.googleapis.com/auth/datastore, https://www.googleapis.com/auth/cloud-platform"}},{"oauth":{"canonicalScopes":"https://www.googleapis.com/auth/datastore, https://www.googleapis.com/auth/cloud-platform"}},{"oauth":{"canonicalScopes":"https://www.googleapis.com/auth/datastore, https://www.googleapis.com/auth/cloud-platform"}},{"oauth":{"canonicalScopes":"https://www.googleapis.com/auth/datastore, https://www.googleapis.com/auth/cloud-platform"}},{"oauth":{"canonicalScopes":"https://www.googleapis.com/auth/datastore, https://www.googleapis.com/auth/cloud-platform"}},{"oauth":{"canonicalScopes":"https://www.googleapis.com/auth/datastore, https://www.googleapis.com/auth/cloud-platform"}},{"oauth":{"canonicalScopes":"https://www.googleapis.com/auth/datastore, https://www.googleapis.com/auth/cloud-platform"}},{"oauth":{"canonicalScopes":"https://www.googleapis.com/auth/datastore, https://www.googleapis.com/auth/cloud-platform"}},{"oauth":{"canonicalScopes":"https://www.googleapis.com/auth/datastore, https://www.googleapis.com/auth/cloud-platform"}},{"oauth":{"canonicalScopes":"https://www.googleapis.com/auth/datastore, https://www.googleapis.com/auth/cloud-platform"}},{"oauth":{"canonicalScopes":"https://www.googleapis.com/auth/datastore, https://www.googleapis.com/auth/cloud-platform"}},{"oauth":{"canonicalScopes":"https://www.googleapis.com/auth/datastore, https://www.googleapis.com/auth/cloud-platform"}},{"oauth":{"canonicalScopes":"https://www.googleapis.com/auth/datastore, https://www.googleapis.com/auth/cloud-platform"}},{"oauth":{"canonicalScopes":"https://www.googleapis.com/auth/datastore, https://www.googleapis.com/auth/cloud-platform"}},{"oauth":{"canonicalScopes":"https://www.googleapis.com/auth/datastore, https://www.googleapis.com/auth/cloud-platform"}}]},"usage":{"requirements":["serviceusage.googleapis.com/tos/cloud"]},"endpoints":[{"name":"firestore.googleapis.com"},{"name":"firestore.clients6.google.com"},{"name":"content-firestore.googleapis.com"},{"name":"firestore.mtls.googleapis.com"},{"name":"firestore.mtls.clients6.google.com"},{"name":"content-firestore.mtls.googleapis.com"}],"monitoredResources":[{"type":"serviceruntime.googleapis.com/api","labels":[{"key":"cloud.googleapis.com/location"},{"key":"cloud.googleapis.com/uid"},{"key":"serviceruntime.googleapis.com/api_version"},{"key":"serviceruntime.googleapis.com/api_method"},{"key":"serviceruntime.googleapis.com/consumer_project"},{"key":"cloud.googleapis.com/project"},{"key":"cloud.googleapis.com/service"}]},{"type":"serviceruntime.googleapis.com/consumer_quota","labels":[{"key":"cloud.googleapis.com/location"},{"key":"cloud.googleapis.com/uid"},{"key":"cloud.googleapis.com/service"},{"key":"cloud.googleapis.com/resource_id"},{"key":"cloud.googleapis.com/resource_node"},{"key":"cloud.googleapis.com/quota_metric"},{"key":"cloud.googleapis.com/quota_location"}]},{"type":"serviceruntime.googleapis.com/producer_quota","labels":[{"key":"cloud.googleapis.com/location"},{"key":"cloud.googleapis.com/uid"},{"key":"cloud.googleapis.com/service"},{"key":"cloud.googleapis.com/resource_id"},{"key":"cloud.googleapis.com/resource_node"},{"key":"cloud.googleapis.com/consumer_resource_node"},{"key":"cloud.googleapis.com/quota_metric"},{"key":"cloud.googleapis.com/quota_location"}]}],"monitoring":{"consumerDestinations":[{"monitoredResource":"serviceruntime.googleapis.com/api","metrics":["serviceruntime.googleapis.com/api/consumer/quota_used_count","serviceruntime.googleapis.com/api/consumer/quota_refund_count","serviceruntime.googleapis.com/quota/used","serviceruntime.googleapis.com/quota/limit","serviceruntime.googleapis.com/quota/exceeded","serviceruntime.googleapis.com/allocation/consumer/quota_used_count"]},{"monitoredResource":"serviceruntime.googleapis.com/consumer_quota","metrics":["serviceruntime.googleapis.com/quota/rate/consumer/used_count","serviceruntime.googleapis.com/quota/rate/consumer/refund_count","serviceruntime.googleapis.com/quota/allocation/consumer/usage","serviceruntime.googleapis.com/quota/consumer/limit","serviceruntime.googleapis.com/quota/consumer/exceeded"]}]}},"state":"ENABLED","parent":"projects/777782371484"}
[debug] [2022-01-14T14:28:54.682Z] > refreshing access token with scopes: ["email","https://www.googleapis.com/auth/cloud-platform","https://www.googleapis.com/auth/cloudplatformprojects.readonly","https://www.googleapis.com/auth/firebase","openid"]
[debug] [2022-01-14T14:28:54.682Z] >>> HTTP REQUEST POST https://www.googleapis.com/oauth2/v3/token  
 <request body omitted>
[debug] [2022-01-14T14:28:54.953Z] <<< HTTP RESPONSE 200 {"pragma":"no-cache","expires":"Mon, 01 Jan 1990 00:00:00 GMT","cache-control":"no-cache, no-store, max-age=0, must-revalidate","date":"Fri, 14 Jan 2022 14:28:54 GMT","content-type":"application/json; charset=utf-8","vary":"X-Origin, Referer, Origin,Accept-Encoding","server":"scaffolding on HTTPServer2","x-xss-protection":"0","x-frame-options":"SAMEORIGIN","x-content-type-options":"nosniff","alt-svc":"h3=\":443\"; ma=2592000,h3-29=\":443\"; ma=2592000,h3-Q050=\":443\"; ma=2592000,h3-Q046=\":443\"; ma=2592000,h3-Q043=\":443\"; ma=2592000,quic=\":443\"; ma=2592000; v=\"46,43\"","accept-ranges":"none","transfer-encoding":"chunked"}
[debug] [2022-01-14T14:28:54.972Z] >>> HTTP REQUEST GET https://appengine.googleapis.com/v1/apps/stoktakip-60df2  
 
[debug] [2022-01-14T14:28:55.490Z] <<< HTTP RESPONSE 200 {"content-type":"application/json; charset=UTF-8","vary":"X-Origin, Referer, Origin,Accept-Encoding","date":"Fri, 14 Jan 2022 14:28:55 GMT","server":"ESF","cache-control":"private","x-xss-protection":"0","x-frame-options":"SAMEORIGIN","x-content-type-options":"nosniff","alt-svc":"h3=\":443\"; ma=2592000,h3-29=\":443\"; ma=2592000,h3-Q050=\":443\"; ma=2592000,h3-Q046=\":443\"; ma=2592000,h3-Q043=\":443\"; ma=2592000,quic=\":443\"; ma=2592000; v=\"46,43\"","accept-ranges":"none","transfer-encoding":"chunked"}
[debug] [2022-01-14T14:28:55.491Z] database_type: CLOUD_FIRESTORE
[debug] [2022-01-14T14:28:55.492Z] > command requires scopes: ["email","openid","https://www.googleapis.com/auth/cloudplatformprojects.readonly","https://www.googleapis.com/auth/firebase","https://www.googleapis.com/auth/cloud-platform"]
[debug] [2022-01-14T14:28:55.493Z] > authorizing via signed-in user (cemre.akanturk86@gmail.com)
[debug] [2022-01-14T14:28:55.493Z] [iam] checking project stoktakip-60df2 for permissions ["firebase.projects.get"]
[debug] [2022-01-14T14:28:55.494Z] >>> HTTP REQUEST POST https://cloudresourcemanager.googleapis.com/v1/projects/stoktakip-60df2:testIamPermissions  
 {"permissions":["firebase.projects.get"]}
[debug] [2022-01-14T14:28:56.425Z] <<< HTTP RESPONSE 200 {"content-type":"application/json; charset=UTF-8","vary":"X-Origin, Referer, Origin,Accept-Encoding","date":"Fri, 14 Jan 2022 14:28:56 GMT","server":"ESF","cache-control":"private","x-xss-protection":"0","x-frame-options":"SAMEORIGIN","x-content-type-options":"nosniff","server-timing":"gfet4t7; dur=760","alt-svc":"h3=\":443\"; ma=2592000,h3-29=\":443\"; ma=2592000,h3-Q050=\":443\"; ma=2592000,h3-Q046=\":443\"; ma=2592000,h3-Q043=\":443\"; ma=2592000,quic=\":443\"; ma=2592000; v=\"46,43\"","accept-ranges":"none","transfer-encoding":"chunked"}
[info] 
[info] Firestore Security Rules allow you to define how and when to allow
[info] requests. You can keep these rules in your project directory
[info] and publish them with firebase deploy.
[info] 
[debug] [2022-01-14T14:29:17.240Z] >>> HTTP REQUEST GET https://firebaserules.googleapis.com/v1/projects/stoktakip-60df2/releases?pageSize=10&pageToken=  
 
[debug] [2022-01-14T14:29:18.108Z] <<< HTTP RESPONSE 200 {"content-type":"application/json; charset=UTF-8","vary":"X-Origin, Referer, Origin,Accept-Encoding","date":"Fri, 14 Jan 2022 14:29:17 GMT","server":"ESF","cache-control":"private","x-xss-protection":"0","x-frame-options":"SAMEORIGIN","x-content-type-options":"nosniff","alt-svc":"h3=\":443\"; ma=2592000,h3-29=\":443\"; ma=2592000,h3-Q050=\":443\"; ma=2592000,h3-Q046=\":443\"; ma=2592000,h3-Q043=\":443\"; ma=2592000,quic=\":443\"; ma=2592000; v=\"46,43\"","accept-ranges":"none","transfer-encoding":"chunked"}
[debug] [2022-01-14T14:29:18.110Z] Found ruleset: projects/stoktakip-60df2/rulesets/b280107d-24d6-4125-aa1e-cbda33696523
[debug] [2022-01-14T14:29:18.110Z] >>> HTTP REQUEST GET https://firebaserules.googleapis.com/v1/projects/stoktakip-60df2/rulesets/b280107d-24d6-4125-aa1e-cbda33696523  
 
[debug] [2022-01-14T14:29:18.897Z] <<< HTTP RESPONSE 200 {"content-type":"application/json; charset=UTF-8","vary":"X-Origin, Referer, Origin,Accept-Encoding","date":"Fri, 14 Jan 2022 14:29:18 GMT","server":"ESF","cache-control":"private","x-xss-protection":"0","x-frame-options":"SAMEORIGIN","x-content-type-options":"nosniff","alt-svc":"h3=\":443\"; ma=2592000,h3-29=\":443\"; ma=2592000,h3-Q050=\":443\"; ma=2592000,h3-Q046=\":443\"; ma=2592000,h3-Q043=\":443\"; ma=2592000,quic=\":443\"; ma=2592000; v=\"46,43\"","accept-ranges":"none","transfer-encoding":"chunked"}
[info] 
[info] Firestore indexes allow you to perform complex queries while
[info] maintaining performance that scales with the size of the result
[info] set. You can keep index definitions in your project directory
[info] and publish them with firebase deploy.
[info] 
[debug] [2022-01-14T14:29:21.607Z] >>> HTTP REQUEST GET https://firestore.googleapis.com/v1/projects/stoktakip-60df2/databases/(default)/collectionGroups/-/indexes  
 
[debug] [2022-01-14T14:29:21.608Z] >>> HTTP REQUEST GET https://firestore.googleapis.com/v1/projects/stoktakip-60df2/databases/(default)/collectionGroups/-/fields?filter=indexConfig.usesAncestorConfig=false  
 
[debug] [2022-01-14T14:29:22.240Z] <<< HTTP RESPONSE 200 {"content-type":"application/json; charset=UTF-8","vary":"X-Origin, Referer, Origin,Accept-Encoding","date":"Fri, 14 Jan 2022 14:29:22 GMT","server":"ESF","cache-control":"private","x-xss-protection":"0","x-frame-options":"SAMEORIGIN","x-content-type-options":"nosniff","alt-svc":"h3=\":443\"; ma=2592000,h3-29=\":443\"; ma=2592000,h3-Q050=\":443\"; ma=2592000,h3-Q046=\":443\"; ma=2592000,h3-Q043=\":443\"; ma=2592000,quic=\":443\"; ma=2592000; v=\"46,43\"","accept-ranges":"none","transfer-encoding":"chunked"}
[debug] [2022-01-14T14:29:22.242Z] <<< HTTP RESPONSE 200 {"content-type":"application/json; charset=UTF-8","vary":"X-Origin, Referer, Origin,Accept-Encoding","date":"Fri, 14 Jan 2022 14:29:22 GMT","server":"ESF","cache-control":"private","x-xss-protection":"0","x-frame-options":"SAMEORIGIN","x-content-type-options":"nosniff","alt-svc":"h3=\":443\"; ma=2592000,h3-29=\":443\"; ma=2592000,h3-Q050=\":443\"; ma=2592000,h3-Q046=\":443\"; ma=2592000,h3-Q043=\":443\"; ma=2592000,quic=\":443\"; ma=2592000; v=\"46,43\"","accept-ranges":"none","transfer-encoding":"chunked"}
[info] 
=== Hosting Setup
[info] 
[info] Your public directory is the folder (relative to your project directory) that
[info] will contain Hosting assets to be uploaded with firebase deploy. If you
[info] have a build process for your assets, use your build's output directory.
[info] 
[debug] [2022-01-14T14:29:53.262Z] >>> [apiv2][query] GET https://www.gstatic.com/firebasejs/releases.json [none]
[debug] [2022-01-14T14:29:53.397Z] <<< [apiv2][status] GET https://www.gstatic.com/firebasejs/releases.json 200
[debug] [2022-01-14T14:29:53.397Z] <<< [apiv2][body] GET https://www.gstatic.com/firebasejs/releases.json {"current":{"version":"9.6.3","browserURL":"https://www.gstatic.com/firebasejs/9.6.3/firebase.js","packageURL":"https://www.gstatic.com/firebasejs/9.6.3/firebase.tgz"},"live":{"version":"9.6","browserURL":"https://www.gstatic.com/firebasejs/live/9.6/firebase.js","packageURL":"https://www.gstatic.com/firebasejs/live/9.6/firebase.tgz"},"components":{"analytics":"https://www.gstatic.com/firebasejs/9.6.3/firebase-analytics.js","app":"https://www.gstatic.com/firebasejs/9.6.3/firebase-app.js","app-check":"https://www.gstatic.com/firebasejs/9.6.3/firebase-app-check.js","auth":"https://www.gstatic.com/firebasejs/9.6.3/firebase-auth.js","auth/cordova":"https://www.gstatic.com/firebasejs/9.6.3/firebase-auth/cordova.js","auth/react-native":"https://www.gstatic.com/firebasejs/9.6.3/firebase-auth/react-native.js","functions":"https://www.gstatic.com/firebasejs/9.6.3/firebase-functions.js","firestore":"https://www.gstatic.com/firebasejs/9.6.3/firebase-firestore.js","firestore/lite":"https://www.gstatic.com/firebasejs/9.6.3/firebase-firestore/lite.js","storage":"https://www.gstatic.com/firebasejs/9.6.3/firebase-storage.js","performance":"https://www.gstatic.com/firebasejs/9.6.3/firebase-performance.js","remote-config":"https://www.gstatic.com/firebasejs/9.6.3/firebase-remote-config.js","messaging":"https://www.gstatic.com/firebasejs/9.6.3/firebase-messaging.js","messaging/sw":"https://www.gstatic.com/firebasejs/9.6.3/firebase-messaging/sw.js","database":"https://www.gstatic.com/firebasejs/9.6.3/firebase-database.js","firestore.memory":"https://www.gstatic.com/firebasejs/9.6.3/firebase-firestore.memory.js"}}
[info] +  Wrote public/index.html 
[info] 
[info] i  Didn't detect a .git folder. Assuming C:\Users\XTANBUL-2\Desktop\admin-one-vue-tailwind-master is the project root. 
[info] i  Authorizing with GitHub to upload your service account to a GitHub repository's secrets store. 
[info] 
[info] Visit this URL on this device to log in:
[info] https://github.com/login/oauth/authorize?client_id=89cf50f02ac6aaed3484&state=1045174833&redirect_uri=http%3A%2F%2Flocalhost%3A9005&scope=read%3Auser%20repo%20public_repo
[info] 
[info] Waiting for authentication...
[debug] [2022-01-14T14:30:08.070Z] >>> HTTP REQUEST POST https://github.com/login/oauth/access_token  
 {"client_id":"89cf50f02ac6aaed3484","client_secret":"3330d14abc895d9a74d5f17cd7a00711fa2c5bf0","code":"49968aaad25ec81a9a34","redirect_uri":"http://localhost:9005","state":"1045174833"}
[debug] [2022-01-14T14:30:08.409Z] <<< HTTP RESPONSE 200 {"server":"GitHub.com","date":"Fri, 14 Jan 2022 14:30:08 GMT","content-type":"application/json; charset=utf-8","transfer-encoding":"chunked","vary":"X-PJAX, X-PJAX-Container, Accept-Encoding, Accept, X-Requested-With","permissions-policy":"interest-cohort=()","etag":"W/\"d3f51394558cc48e5b0259a9b881b4c1\"","cache-control":"max-age=0, private, must-revalidate","strict-transport-security":"max-age=31536000; includeSubdomains; preload","x-frame-options":"deny","x-content-type-options":"nosniff","x-xss-protection":"0","referrer-policy":"origin-when-cross-origin, strict-origin-when-cross-origin","expect-ct":"max-age=2592000, report-uri=\"https://api.github.com/_private/browser/errors\"","content-security-policy":"default-src 'none'; base-uri 'self'; block-all-mixed-content; child-src github.com/assets-cdn/worker/ gist.github.com/assets-cdn/worker/; connect-src 'self' uploads.github.com objects-origin.githubusercontent.com www.githubstatus.com collector.githubapp.com api.github.com github-cloud.s3.amazonaws.com github-production-repository-file-5c1aeb.s3.amazonaws.com github-production-upload-manifest-file-7fdce7.s3.amazonaws.com github-production-user-asset-6210df.s3.amazonaws.com cdn.optimizely.com logx.optimizely.com/v1/events translator.github.com wss://alive.github.com; font-src github.githubassets.com; form-action 'self' github.com gist.github.com objects-origin.githubusercontent.com; frame-ancestors 'none'; frame-src render.githubusercontent.com viewscreen.githubusercontent.com notebooks.githubusercontent.com; img-src 'self' data: github.githubassets.com identicons.github.com collector.githubapp.com github-cloud.s3.amazonaws.com secured-user-images.githubusercontent.com/ *.githubusercontent.com; manifest-src 'self'; media-src github.com user-images.githubusercontent.com/; script-src github.githubassets.com; style-src 'unsafe-inline' github.githubassets.com; worker-src github.com/assets-cdn/worker/ gist.github.com/assets-cdn/worker/","x-github-request-id":"B5F1:10D0E:4889C6:4B2C4B:61E188F0"}
[debug] [2022-01-14T14:30:08.417Z] >>> [apiv2][query] GET https://api.github.com/user [none]
[debug] [2022-01-14T14:30:08.823Z] <<< [apiv2][status] GET https://api.github.com/user 200
[debug] [2022-01-14T14:30:08.824Z] <<< [apiv2][body] GET https://api.github.com/user {"login":"CemreAkanturk","id":58589310,"node_id":"MDQ6VXNlcjU4NTg5MzEw","avatar_url":"https://avatars.githubusercontent.com/u/58589310?v=4","gravatar_id":"","url":"https://api.github.com/users/CemreAkanturk","html_url":"https://github.com/CemreAkanturk","followers_url":"https://api.github.com/users/CemreAkanturk/followers","following_url":"https://api.github.com/users/CemreAkanturk/following{/other_user}","gists_url":"https://api.github.com/users/CemreAkanturk/gists{/gist_id}","starred_url":"https://api.github.com/users/CemreAkanturk/starred{/owner}{/repo}","subscriptions_url":"https://api.github.com/users/CemreAkanturk/subscriptions","organizations_url":"https://api.github.com/users/CemreAkanturk/orgs","repos_url":"https://api.github.com/users/CemreAkanturk/repos","events_url":"https://api.github.com/users/CemreAkanturk/events{/privacy}","received_events_url":"https://api.github.com/users/CemreAkanturk/received_events","type":"User","site_admin":false,"name":"Cemre Akantürk","company":null,"blog":"","location":null,"email":null,"hireable":null,"bio":null,"twitter_username":null,"public_repos":7,"public_gists":0,"followers":2,"following":2,"created_at":"2019-12-06T08:58:48Z","updated_at":"2022-01-06T15:47:45Z","private_gists":0,"total_private_repos":0,"owned_private_repos":0,"disk_usage":167495,"collaborators":0,"two_factor_authentication":false,"plan":{"name":"free","space":976562499,"collaborators":0,"private_repos":10000}}
[info] 
[info] +  Success! Logged into GitHub as CemreAkanturk 
[info] 
[debug] [2022-01-14T14:30:20.750Z] >>> [apiv2][query] GET https://api.github.com/repos//actions/secrets/public-key type=owner
[debug] [2022-01-14T14:30:21.037Z] <<< [apiv2][status] GET https://api.github.com/repos//actions/secrets/public-key 404
[debug] [2022-01-14T14:30:21.038Z] <<< [apiv2][body] GET https://api.github.com/repos//actions/secrets/public-key {"message":"Not Found","documentation_url":"https://docs.github.com/rest"}
[debug] [2022-01-14T14:30:22.693Z] >>> [apiv2][query] GET https://api.github.com/repos//actions/secrets/public-key type=owner
[debug] [2022-01-14T14:30:22.957Z] <<< [apiv2][status] GET https://api.github.com/repos//actions/secrets/public-key 404
[debug] [2022-01-14T14:30:22.958Z] <<< [apiv2][body] GET https://api.github.com/repos//actions/secrets/public-key {"message":"Not Found","documentation_url":"https://docs.github.com/rest"}
[debug] [2022-01-14T14:30:32.821Z] >>> [apiv2][query] GET https://api.github.com/repos//actions/secrets/public-key type=owner
[debug] [2022-01-14T14:30:33.148Z] <<< [apiv2][status] GET https://api.github.com/repos//actions/secrets/public-key 404
[debug] [2022-01-14T14:30:33.149Z] <<< [apiv2][body] GET https://api.github.com/repos//actions/secrets/public-key {"message":"Not Found","documentation_url":"https://docs.github.com/rest"}
[debug] [2022-01-14T14:30:45.884Z] >>> [apiv2][query] GET https://api.github.com/repos/user/repository/actions/secrets/public-key type=owner
[debug] [2022-01-14T14:30:46.168Z] <<< [apiv2][status] GET https://api.github.com/repos/user/repository/actions/secrets/public-key 404
[debug] [2022-01-14T14:30:46.169Z] <<< [apiv2][body] GET https://api.github.com/repos/user/repository/actions/secrets/public-key {"message":"Not Found","documentation_url":"https://docs.github.com/rest/reference/actions#get-a-repository-public-key"}
[debug] [2022-01-14T14:30:49.013Z] >>> [apiv2][query] GET https://api.github.com/repos/user/repository/actions/secrets/public-key type=owner
[debug] [2022-01-14T14:30:49.325Z] <<< [apiv2][status] GET https://api.github.com/repos/user/repository/actions/secrets/public-key 404
[debug] [2022-01-14T14:30:49.326Z] <<< [apiv2][body] GET https://api.github.com/repos/user/repository/actions/secrets/public-key {"message":"Not Found","documentation_url":"https://docs.github.com/rest/reference/actions#get-a-repository-public-key"}
[debug] [2022-01-14T14:30:49.452Z] >>> [apiv2][query] GET https://api.github.com/repos/user/repository/actions/secrets/public-key type=owner
[debug] [2022-01-14T14:30:49.751Z] <<< [apiv2][status] GET https://api.github.com/repos/user/repository/actions/secrets/public-key 404
[debug] [2022-01-14T14:30:49.751Z] <<< [apiv2][body] GET https://api.github.com/repos/user/repository/actions/secrets/public-key {"message":"Not Found","documentation_url":"https://docs.github.com/rest/reference/actions#get-a-repository-public-key"}
[debug] [2022-01-14T14:30:51.916Z] >>> [apiv2][query] GET https://api.github.com/repos//actions/secrets/public-key type=owner
[debug] [2022-01-14T14:30:52.206Z] <<< [apiv2][status] GET https://api.github.com/repos//actions/secrets/public-key 404
[debug] [2022-01-14T14:30:52.207Z] <<< [apiv2][body] GET https://api.github.com/repos//actions/secrets/public-key {"message":"Not Found","documentation_url":"https://docs.github.com/rest"}
[debug] [2022-01-14T14:30:52.220Z] >>> [apiv2][query] GET https://api.github.com/repos//actions/secrets/public-key type=owner
[debug] [2022-01-14T14:30:52.388Z] >>> [apiv2][query] GET https://api.github.com/repos//actions/secrets/public-key type=owner
[debug] [2022-01-14T14:30:52.540Z] >>> [apiv2][query] GET https://api.github.com/repos//actions/secrets/public-key type=owner
[debug] [2022-01-14T14:30:52.551Z] <<< [apiv2][status] GET https://api.github.com/repos//actions/secrets/public-key 404
[debug] [2022-01-14T14:30:52.552Z] <<< [apiv2][body] GET https://api.github.com/repos//actions/secrets/public-key {"message":"Not Found","documentation_url":"https://docs.github.com/rest"}
[debug] [2022-01-14T14:30:52.653Z] <<< [apiv2][status] GET https://api.github.com/repos//actions/secrets/public-key 404
[debug] [2022-01-14T14:30:52.653Z] <<< [apiv2][body] GET https://api.github.com/repos//actions/secrets/public-key {"message":"Not Found","documentation_url":"https://docs.github.com/rest"}
[debug] [2022-01-14T14:30:52.748Z] >>> [apiv2][query] GET https://api.github.com/repos//actions/secrets/public-key type=owner
[debug] [2022-01-14T14:30:52.817Z] <<< [apiv2][status] GET https://api.github.com/repos//actions/secrets/public-key 404
[debug] [2022-01-14T14:30:52.817Z] <<< [apiv2][body] GET https://api.github.com/repos//actions/secrets/public-key {"message":"Not Found","documentation_url":"https://docs.github.com/rest"}
[debug] [2022-01-14T14:30:52.964Z] >>> [apiv2][query] GET https://api.github.com/repos//actions/secrets/public-key type=owner
[debug] [2022-01-14T14:30:53.006Z] <<< [apiv2][status] GET https://api.github.com/repos//actions/secrets/public-key 404
[debug] [2022-01-14T14:30:53.007Z] <<< [apiv2][body] GET https://api.github.com/repos//actions/secrets/public-key {"message":"Not Found","documentation_url":"https://docs.github.com/rest"}
[debug] [2022-01-14T14:30:53.252Z] >>> [apiv2][query] GET https://api.github.com/repos//actions/secrets/public-key type=owner
[debug] [2022-01-14T14:30:53.303Z] <<< [apiv2][status] GET https://api.github.com/repos//actions/secrets/public-key 404
[debug] [2022-01-14T14:30:53.303Z] <<< [apiv2][body] GET https://api.github.com/repos//actions/secrets/public-key {"message":"Not Found","documentation_url":"https://docs.github.com/rest"}
[debug] [2022-01-14T14:30:53.516Z] >>> [apiv2][query] GET https://api.github.com/repos//actions/secrets/public-key type=owner
[debug] [2022-01-14T14:30:53.520Z] <<< [apiv2][status] GET https://api.github.com/repos//actions/secrets/public-key 404
[debug] [2022-01-14T14:30:53.520Z] <<< [apiv2][body] GET https://api.github.com/repos//actions/secrets/public-key {"message":"Not Found","documentation_url":"https://docs.github.com/rest"}
[debug] [2022-01-14T14:30:53.789Z] >>> [apiv2][query] GET https://api.github.com/repos//actions/secrets/public-key type=owner
[debug] [2022-01-14T14:30:53.792Z] <<< [apiv2][status] GET https://api.github.com/repos//actions/secrets/public-key 404
[debug] [2022-01-14T14:30:53.792Z] <<< [apiv2][body] GET https://api.github.com/repos//actions/secrets/public-key {"message":"Not Found","documentation_url":"https://docs.github.com/rest"}
[debug] [2022-01-14T14:30:53.972Z] >>> [apiv2][query] GET https://api.github.com/repos//actions/secrets/public-key type=owner
[debug] [2022-01-14T14:30:54.071Z] <<< [apiv2][status] GET https://api.github.com/repos//actions/secrets/public-key 404
[debug] [2022-01-14T14:30:54.071Z] <<< [apiv2][body] GET https://api.github.com/repos//actions/secrets/public-key {"message":"Not Found","documentation_url":"https://docs.github.com/rest"}
[debug] [2022-01-14T14:30:54.132Z] >>> [apiv2][query] GET https://api.github.com/repos//actions/secrets/public-key type=owner
[debug] [2022-01-14T14:30:54.247Z] <<< [apiv2][status] GET https://api.github.com/repos//actions/secrets/public-key 404
[debug] [2022-01-14T14:30:54.248Z] <<< [apiv2][body] GET https://api.github.com/repos//actions/secrets/public-key {"message":"Not Found","documentation_url":"https://docs.github.com/rest"}
[debug] [2022-01-14T14:30:54.316Z] >>> [apiv2][query] GET https://api.github.com/repos//actions/secrets/public-key type=owner
[debug] [2022-01-14T14:30:54.425Z] <<< [apiv2][status] GET https://api.github.com/repos//actions/secrets/public-key 404
[debug] [2022-01-14T14:30:54.425Z] <<< [apiv2][body] GET https://api.github.com/repos//actions/secrets/public-key {"message":"Not Found","documentation_url":"https://docs.github.com/rest"}
[debug] [2022-01-14T14:30:54.476Z] >>> [apiv2][query] GET https://api.github.com/repos//actions/secrets/public-key type=owner
[debug] [2022-01-14T14:30:54.594Z] <<< [apiv2][status] GET https://api.github.com/repos//actions/secrets/public-key 404
[debug] [2022-01-14T14:30:54.594Z] <<< [apiv2][body] GET https://api.github.com/repos//actions/secrets/public-key {"message":"Not Found","documentation_url":"https://docs.github.com/rest"}
[debug] [2022-01-14T14:30:54.765Z] <<< [apiv2][status] GET https://api.github.com/repos//actions/secrets/public-key 404
[debug] [2022-01-14T14:30:54.765Z] <<< [apiv2][body] GET https://api.github.com/repos//actions/secrets/public-key {"message":"Not Found","documentation_url":"https://docs.github.com/rest"}
[debug] [2022-01-14T14:31:10.228Z] >>> [apiv2][query] GET https://api.github.com/repos/repository/actions/secrets/public-key type=owner
[debug] [2022-01-14T14:31:10.537Z] <<< [apiv2][status] GET https://api.github.com/repos/repository/actions/secrets/public-key 404
[debug] [2022-01-14T14:31:10.537Z] <<< [apiv2][body] GET https://api.github.com/repos/repository/actions/secrets/public-key {"message":"Not Found","documentation_url":"https://docs.github.com/rest"}
[debug] [2022-01-14T14:31:10.620Z] >>> [apiv2][query] GET https://api.github.com/repos/repository/actions/secrets/public-key type=owner
[debug] [2022-01-14T14:31:10.788Z] >>> [apiv2][query] GET https://api.github.com/repos//actions/secrets/public-key type=owner
[debug] [2022-01-14T14:31:10.909Z] <<< [apiv2][status] GET https://api.github.com/repos/repository/actions/secrets/public-key 404
[debug] [2022-01-14T14:31:10.909Z] <<< [apiv2][body] GET https://api.github.com/repos/repository/actions/secrets/public-key {"message":"Not Found","documentation_url":"https://docs.github.com/rest"}
[debug] [2022-01-14T14:31:10.948Z] >>> [apiv2][query] GET https://api.github.com/repos/repository/actions/secrets/public-key type=owner
[debug] [2022-01-14T14:31:11.060Z] <<< [apiv2][status] GET https://api.github.com/repos//actions/secrets/public-key 404
[debug] [2022-01-14T14:31:11.060Z] <<< [apiv2][body] GET https://api.github.com/repos//actions/secrets/public-key {"message":"Not Found","documentation_url":"https://docs.github.com/rest"}
[debug] [2022-01-14T14:31:11.244Z] <<< [apiv2][status] GET https://api.github.com/repos/repository/actions/secrets/public-key 404
[debug] [2022-01-14T14:31:11.244Z] <<< [apiv2][body] GET https://api.github.com/repos/repository/actions/secrets/public-key {"message":"Not Found","documentation_url":"https://docs.github.com/rest"}
[debug] [2022-01-14T14:31:17.308Z] >>> [apiv2][query] GET https://api.github.com/repos/user/repository/actions/secrets/public-key type=owner
[debug] [2022-01-14T14:31:17.606Z] <<< [apiv2][status] GET https://api.github.com/repos/user/repository/actions/secrets/public-key 404
[debug] [2022-01-14T14:31:17.607Z] <<< [apiv2][body] GET https://api.github.com/repos/user/repository/actions/secrets/public-key {"message":"Not Found","documentation_url":"https://docs.github.com/rest/reference/actions#get-a-repository-public-key"}
[debug] [2022-01-14T14:31:17.852Z] >>> [apiv2][query] GET https://api.github.com/repos/user/repository/actions/secrets/public-key type=owner
[debug] [2022-01-14T14:31:18.020Z] >>> [apiv2][query] GET https://api.github.com/repos//actions/secrets/public-key type=owner
[debug] [2022-01-14T14:31:18.119Z] <<< [apiv2][status] GET https://api.github.com/repos/user/repository/actions/secrets/public-key 404
[debug] [2022-01-14T14:31:18.119Z] <<< [apiv2][body] GET https://api.github.com/repos/user/repository/actions/secrets/public-key {"message":"Not Found","documentation_url":"https://docs.github.com/rest/reference/actions#get-a-repository-public-key"}
[debug] [2022-01-14T14:31:18.188Z] >>> [apiv2][query] GET https://api.github.com/repos/user/repository/actions/secrets/public-key type=owner
[debug] [2022-01-14T14:31:18.311Z] <<< [apiv2][status] GET https://api.github.com/repos//actions/secrets/public-key 404
[debug] [2022-01-14T14:31:18.311Z] <<< [apiv2][body] GET https://api.github.com/repos//actions/secrets/public-key {"message":"Not Found","documentation_url":"https://docs.github.com/rest"}
[debug] [2022-01-14T14:31:18.355Z] >>> [apiv2][query] GET https://api.github.com/repos//actions/secrets/public-key type=owner
[debug] [2022-01-14T14:31:18.473Z] <<< [apiv2][status] GET https://api.github.com/repos/user/repository/actions/secrets/public-key 404
[debug] [2022-01-14T14:31:18.473Z] <<< [apiv2][body] GET https://api.github.com/repos/user/repository/actions/secrets/public-key {"message":"Not Found","documentation_url":"https://docs.github.com/rest/reference/actions#get-a-repository-public-key"}
[debug] [2022-01-14T14:31:18.649Z] <<< [apiv2][status] GET https://api.github.com/repos//actions/secrets/public-key 404
[debug] [2022-01-14T14:31:18.649Z] <<< [apiv2][body] GET https://api.github.com/repos//actions/secrets/public-key {"message":"Not Found","documentation_url":"https://docs.github.com/rest"}
